
→ blogcategories.json  →  public/blogs/
  Summary: no image URLs found

→ blogs.json  →  public/blogs/
  ✓ /blogs/image-1730709145208-590679181.webp  (from https://cadabams-diagnostics-assets.s3.ap-south-1.amazonaws.com/cadabam_assets/image-1730709145208-590679181.jpg)
  ✓ /blogs/image-1730709626227-484529823.webp  (from https://cadabams-diagnostics-assets.s3.ap-south-1.amazonaws.com/cadabam_assets/image-1730709626227-484529823.jpg)
  ✓ /blogs/image-1730710594353-979283699.webp  (from https://cadabams-diagnostics-assets.s3.ap-south-1.amazonaws.com/cadabam_assets/image-1730710594353-979283699.jpg)
  ✓ /blogs/image-1730283669052-397345402.webp  (from https://cadabams-diagnostics-assets.s3.ap-south-1.amazonaws.com/cadabam_assets/image-1730283669052-397345402.jpg)
  ✓ /blogs/image-1730711483039-113296971.webp  (from https://cadabams-diagnostics-assets.s3.ap-south-1.amazonaws.com/cadabam_assets/image-1730711483039-113296971.jpg)
  ✓ /blogs/image-1730999269313-859097485.webp  (from https://cadabams-diagnostics-assets.s3.ap-south-1.amazonaws.com/cadabam_assets/image-1730999269313-859097485.jpg)
  ✓ /blogs/image-1730711137033-125494960.webp  (from https://cadabams-diagnostics-assets.s3.ap-south-1.amazonaws.com/cadabam_assets/image-1730711137033-125494960.jpg)
  ✓ /blogs/image-1730714144197-707395736.webp  (from https://cadabams-diagnostics-assets.s3.ap-south-1.amazonaws.com/cadabam_assets/image-1730714144197-707395736.jpg)
  ✓ /blogs/image-1730999660738-405470579.webp  (from https://cadabams-diagnostics-assets.s3.ap-south-1.amazonaws.com/cadabam_assets/image-1730999660738-405470579.jpg)
  ✓ /blogs/image-1731000098669-657957195.webp  (from https://cadabams-diagnostics-assets.s3.ap-south-1.amazonaws.com/cadabam_assets/image-1731000098669-657957195.jpg)
  ✓ /blogs/image-1730266858115-536093354.webp  (from https://cadabams-diagnostics-assets.s3.ap-south-1.amazonaws.com/cadabam_assets/image-1730266858115-536093354.jpg)
  ✓ /blogs/image-1730285532714-987363125.webp  (from https://cadabams-diagnostics-assets.s3.ap-south-1.amazonaws.com/cadabam_assets/image-1730285532714-987363125.jpg)
  ✓ /blogs/image-1730710785773-865972323.webp  (from https://cadabams-diagnostics-assets.s3.ap-south-1.amazonaws.com/cadabam_assets/image-1730710785773-865972323.jpg)
  ✓ /blogs/image-1730714353758-938155096.webp  (from https://cadabams-diagnostics-assets.s3.ap-south-1.amazonaws.com/cadabam_assets/image-1730714353758-938155096.jpg)
  ✓ /blogs/image-1730999434452-5563108.webp  (from https://cadabams-diagnostics-assets.s3.ap-south-1.amazonaws.com/cadabam_assets/image-1730999434452-5563108.jpg)
  ✓ /blogs/image-1730999928927-197227279.webp  (from https://cadabams-diagnostics-assets.s3.ap-south-1.amazonaws.com/cadabam_assets/image-1730999928927-197227279.jpg)
  ✓ /blogs/image-1733749288213-141358464.webp  (from https://cadabams-diagnostics-assets.s3.ap-south-1.amazonaws.com/cadabam_assets/image-1733749288213-141358464.jpg)
  ✓ /blogs/image-1733906689560-547352666.webp  (from https://cadabams-diagnostics-assets.s3.ap-south-1.amazonaws.com/cadabam_assets/image-1733906689560-547352666.jpg)
  ✓ /blogs/image-1732169595639-303870720.webp  (from https://cadabams-diagnostics-assets.s3.ap-south-1.amazonaws.com/cadabam_assets/image-1732169595639-303870720.png)
  ✓ /blogs/image-1731561424286-327634340.webp  (from https://cadabams-diagnostics-assets.s3.ap-south-1.amazonaws.com/cadabam_assets/image-1731561424286-327634340.png)
  Summary: 20 downloaded

→ centerpages.json  →  public/centers/
  ✓ /centers/image-1731905681968-88542235.webp  (from https://cadabams-diagnostics-assets.s3.ap-south-1.amazonaws.com/cadabam_assets/image-1731905681968-88542235.png)
  ✓ /centers/image-1731995791936-156603718.webp  (from https://cadabams-diagnostics-assets.s3.ap-south-1.amazonaws.com/cadabam_assets/image-1731995791936-156603718.jpg)
  ✓ /centers/image-1731992821079-356936202.webp  (from https://cadabams-diagnostics-assets.s3.ap-south-1.amazonaws.com/cadabam_assets/image-1731992821079-356936202.png)
  ✓ /centers/image-1731992880062-58437075.webp  (from https://cadabams-diagnostics-assets.s3.ap-south-1.amazonaws.com/cadabam_assets/image-1731992880062-58437075.png)
  ✓ /centers/image-1731996905577-993628054.webp  (from https://cadabams-diagnostics-assets.s3.ap-south-1.amazonaws.com/cadabam_assets/image-1731996905577-993628054.png)
  ✓ /centers/image-1751013818693-878608253.webp  (from https://cadabams-diagnostics-assets.s3.ap-south-1.amazonaws.com/cadabam_assets/image-1751013818693-878608253.png)
  ✓ /centers/image-1751013622389-779714291.webp  (from https://cadabams-diagnostics-assets.s3.ap-south-1.amazonaws.com/cadabam_assets/image-1751013622389-779714291.png)
  ✓ /centers/image-1751013630468-124768770.webp  (from https://cadabams-diagnostics-assets.s3.ap-south-1.amazonaws.com/cadabam_assets/image-1751013630468-124768770.png)
  ✓ /centers/image-1751013637355-915748414.webp  (from https://cadabams-diagnostics-assets.s3.ap-south-1.amazonaws.com/cadabam_assets/image-1751013637355-915748414.png)
  ✓ /centers/image-1769489418912-261919949.webp  (from https://cadabams-diagnostics-assets.s3.ap-south-1.amazonaws.com/cadabam_assets/image-1769489418912-261919949.jpg)
  ✓ /centers/image-1730977998667-93819488.webp  (from https://cadabams-diagnostics-assets.s3.ap-south-1.amazonaws.com/cadabam_assets/image-1730977998667-93819488.jpg)
  ✓ /centers/image-1731929533677-889999349.webp  (from https://cadabams-diagnostics-assets.s3.ap-south-1.amazonaws.com/cadabam_assets/image-1731929533677-889999349.png)
  ✓ /centers/image-1731929645342-965634168.webp  (from https://cadabams-diagnostics-assets.s3.ap-south-1.amazonaws.com/cadabam_assets/image-1731929645342-965634168.png)
  ✓ /centers/image-1731929712429-811891296.webp  (from https://cadabams-diagnostics-assets.s3.ap-south-1.amazonaws.com/cadabam_assets/image-1731929712429-811891296.png)
  ✓ /centers/image-1738141247373-140458408.webp  (from https://cadabams-diagnostics-assets.s3.ap-south-1.amazonaws.com/cadabam_assets/image-1738141247373-140458408.jpg)
  ✓ /centers/image-1731994970761-322900504.webp  (from https://cadabams-diagnostics-assets.s3.ap-south-1.amazonaws.com/cadabam_assets/image-1731994970761-322900504.png)
  ✓ /centers/image-1731994945511-219527766.webp  (from https://cadabams-diagnostics-assets.s3.ap-south-1.amazonaws.com/cadabam_assets/image-1731994945511-219527766.png)
  ✓ /centers/image-1733139952678-551773302.webp  (from https://cadabams-diagnostics-assets.s3.ap-south-1.amazonaws.com/cadabam_assets/image-1733139952678-551773302.png)
  ✓ /centers/image-1731088544493-764058139.webp  (from https://cadabams-diagnostics-assets.s3.ap-south-1.amazonaws.com/cadabam_assets/image-1731088544493-764058139.webp)
  ✓ /centers/image-1751015834972-681906815.webp  (from https://cadabams-diagnostics-assets.s3.ap-south-1.amazonaws.com/cadabam_assets/image-1751015834972-681906815.png)
  ✓ /centers/image-1751015840461-721228727.webp  (from https://cadabams-diagnostics-assets.s3.ap-south-1.amazonaws.com/cadabam_assets/image-1751015840461-721228727.png)
  ✓ /centers/image-1751015849177-461738400.webp  (from https://cadabams-diagnostics-assets.s3.ap-south-1.amazonaws.com/cadabam_assets/image-1751015849177-461738400.png)
  Summary: 22 downloaded

→ discountoffers.json  →  public/shared/
  Summary: no image URLs found

→ features.json  →  public/shared/
  ✓ /shared/image-1727888449050-81200509.webp  (from https://cadabams-diagnostics-assets.s3.ap-south-1.amazonaws.com/cadabam_assets/image-1727888449050-81200509.webp)
  ✓ /shared/image-1727888514860-295375059.webp  (from https://cadabams-diagnostics-assets.s3.ap-south-1.amazonaws.com/cadabam_assets/image-1727888514860-295375059.webp)
  ✓ /shared/image-1727888475371-790248008.webp  (from https://cadabams-diagnostics-assets.s3.ap-south-1.amazonaws.com/cadabam_assets/image-1727888475371-790248008.webp)
  Summary: 3 downloaded

→ healthmonitorings.json  →  public/health-checkups/
  ✓ /health-checkups/image-1728281894513-712051318.webp  (from https://cadabams-diagnostics-assets.s3.ap-south-1.amazonaws.com/cadabam_assets/image-1728281894513-712051318.webp)
  · /health-checkups/image-1728281894513-712051318.webp  (from https://cadabams-diagnostics-assets.s3.ap-south-1.amazonaws.com/cadabam_assets/image-1728281894513-712051318.webp)
  ✓ /health-checkups/image-1728282130755-849326049.webp  (from https://cadabams-diagnostics-assets.s3.ap-south-1.amazonaws.com/cadabam_assets/image-1728282130755-849326049.webp)
  Summary: 2 downloaded, 1 cached

→ heros.json  →  public/home/
  Summary: no image URLs found

→ homepages.json  →  public/home/
  ✓ /home/image-1731920519198-101162377.webp  (from https://cadabams-diagnostics-assets.s3.ap-south-1.amazonaws.com/cadabam_assets/image-1731920519198-101162377.png)
  ✓ /home/image-1729838534546-659544236.webp  (from https://cadabams-diagnostics-assets.s3.ap-south-1.amazonaws.com/cadabam_assets/image-1729838534546-659544236.webp)
  ✓ /home/image-1729838577366-954403842.webp  (from https://cadabams-diagnostics-assets.s3.ap-south-1.amazonaws.com/cadabam_assets/image-1729838577366-954403842.webp)
  ✓ /home/image-1732255281476-709224322.webp  (from https://cadabams-diagnostics-assets.s3.ap-south-1.amazonaws.com/cadabam_assets/image-1732255281476-709224322.png)
  ✓ /home/image-1732255322636-631996327.webp  (from https://cadabams-diagnostics-assets.s3.ap-south-1.amazonaws.com/cadabam_assets/image-1732255322636-631996327.png)
  ✓ /home/image-1732255598531-832126692.webp  (from https://cadabams-diagnostics-assets.s3.ap-south-1.amazonaws.com/cadabam_assets/image-1732255598531-832126692.png)
  ✓ /home/image-1732255413036-642273703.webp  (from https://cadabams-diagnostics-assets.s3.ap-south-1.amazonaws.com/cadabam_assets/image-1732255413036-642273703.png)
  ✓ /home/image-1732255445038-91379191.webp  (from https://cadabams-diagnostics-assets.s3.ap-south-1.amazonaws.com/cadabam_assets/image-1732255445038-91379191.png)
  ✓ /home/image-1732255649442-266460905.webp  (from https://cadabams-diagnostics-assets.s3.ap-south-1.amazonaws.com/cadabam_assets/image-1732255649442-266460905.png)
  ✓ /home/image-1732165774286-810352647.webp  (from https://cadabams-diagnostics-assets.s3.ap-south-1.amazonaws.com/cadabam_assets/image-1732165774286-810352647.png)
  ✓ /home/image-1732165782196-565994680.webp  (from https://cadabams-diagnostics-assets.s3.ap-south-1.amazonaws.com/cadabam_assets/image-1732165782196-565994680.png)
  ✓ /home/image-1732165789174-45044587.webp  (from https://cadabams-diagnostics-assets.s3.ap-south-1.amazonaws.com/cadabam_assets/image-1732165789174-45044587.png)
  ✓ /home/image-1732165795264-286121739.webp  (from https://cadabams-diagnostics-assets.s3.ap-south-1.amazonaws.com/cadabam_assets/image-1732165795264-286121739.png)
  ✓ /home/image-1732165801083-460058969.webp  (from https://cadabams-diagnostics-assets.s3.ap-south-1.amazonaws.com/cadabam_assets/image-1732165801083-460058969.png)
  ✓ /home/image-1732165805601-370002142.webp  (from https://cadabams-diagnostics-assets.s3.ap-south-1.amazonaws.com/cadabam_assets/image-1732165805601-370002142.png)
  ✓ /home/image-1729839690061-666204063.webp  (from https://cadabams-diagnostics-assets.s3.ap-south-1.amazonaws.com/cadabam_assets/image-1729839690061-666204063.webp)
  ✓ /home/image-1729839798187-636138092.webp  (from https://cadabams-diagnostics-assets.s3.ap-south-1.amazonaws.com/cadabam_assets/image-1729839798187-636138092.webp)
  ✓ /home/image-1729839748866-456387654.webp  (from https://cadabams-diagnostics-assets.s3.ap-south-1.amazonaws.com/cadabam_assets/image-1729839748866-456387654.webp)
  ✓ /home/image-1731322202356-745504588.webp  (from https://cadabams-diagnostics-assets.s3.ap-south-1.amazonaws.com/cadabam_assets/image-1731322202356-745504588.png)
  ✓ /home/image-1731322208631-864247789.webp  (from https://cadabams-diagnostics-assets.s3.ap-south-1.amazonaws.com/cadabam_assets/image-1731322208631-864247789.png)
  ✓ /home/image-1731322213608-707802914.webp  (from https://cadabams-diagnostics-assets.s3.ap-south-1.amazonaws.com/cadabam_assets/image-1731322213608-707802914.png)
  ✓ /home/image-1731322218967-440194828.webp  (from https://cadabams-diagnostics-assets.s3.ap-south-1.amazonaws.com/cadabam_assets/image-1731322218967-440194828.png)
  ✓ /home/image-1731916276929-165930267.webp  (from https://cadabams-diagnostics-assets.s3.ap-south-1.amazonaws.com/cadabam_assets/image-1731916276929-165930267.png)
  Summary: 23 downloaded

→ labtest-categories.json  →  public/lab-tests/
  ✓ /lab-tests/image-1729663515554-900138803.webp  (from https://cadabams-diagnostics-assets.s3.ap-south-1.amazonaws.com/cadabam_assets/image-1729663515554-900138803.webp)
  ✓ /lab-tests/image-1729663694014-979628105.webp  (from https://cadabams-diagnostics-assets.s3.ap-south-1.amazonaws.com/cadabam_assets/image-1729663694014-979628105.png)
  ✓ /lab-tests/image-1729663912354-955200116.webp  (from https://cadabams-diagnostics-assets.s3.ap-south-1.amazonaws.com/cadabam_assets/image-1729663912354-955200116.png)
  ✓ /lab-tests/image-1729663772933-817668696.webp  (from https://cadabams-diagnostics-assets.s3.ap-south-1.amazonaws.com/cadabam_assets/image-1729663772933-817668696.png)
  ✓ /lab-tests/image-1727443716105-440878237.webp  (from https://cadabams-diagnostics-assets.s3.ap-south-1.amazonaws.com/cadabam_assets/image-1727443716105-440878237.png)
  ✓ /lab-tests/image-1729663337220-267264710.webp  (from https://cadabams-diagnostics-assets.s3.ap-south-1.amazonaws.com/cadabam_assets/image-1729663337220-267264710.png)
  ✓ /lab-tests/image-1729663959118-621550631.webp  (from https://cadabams-diagnostics-assets.s3.ap-south-1.amazonaws.com/cadabam_assets/image-1729663959118-621550631.png)
  ✓ /lab-tests/image-1729664060898-855644468.webp  (from https://cadabams-diagnostics-assets.s3.ap-south-1.amazonaws.com/cadabam_assets/image-1729664060898-855644468.png)
  Summary: 8 downloaded

→ labtesthomepages.json  →  public/lab-tests/
  ✓ /lab-tests/image-1731911176584-798303718.webp  (from https://cadabams-diagnostics-assets.s3.ap-south-1.amazonaws.com/cadabam_assets/image-1731911176584-798303718.png)
  ✓ /lab-tests/image-1732174372989-943948849.webp  (from https://cadabams-diagnostics-assets.s3.ap-south-1.amazonaws.com/cadabam_assets/image-1732174372989-943948849.png)
  ✓ /lab-tests/image-1732174378237-827438702.webp  (from https://cadabams-diagnostics-assets.s3.ap-south-1.amazonaws.com/cadabam_assets/image-1732174378237-827438702.png)
  ✓ /lab-tests/image-1732174384134-715199331.webp  (from https://cadabams-diagnostics-assets.s3.ap-south-1.amazonaws.com/cadabam_assets/image-1732174384134-715199331.png)
  ✓ /lab-tests/image-1732174389939-761794209.webp  (from https://cadabams-diagnostics-assets.s3.ap-south-1.amazonaws.com/cadabam_assets/image-1732174389939-761794209.png)
  ✓ /lab-tests/image-1732174397639-109393640.webp  (from https://cadabams-diagnostics-assets.s3.ap-south-1.amazonaws.com/cadabam_assets/image-1732174397639-109393640.png)
  ✓ /lab-tests/image-1732174404503-5541235.webp  (from https://cadabams-diagnostics-assets.s3.ap-south-1.amazonaws.com/cadabam_assets/image-1732174404503-5541235.png)
  ✓ /lab-tests/image-1730005840955-200640618.webp  (from https://cadabams-diagnostics-assets.s3.ap-south-1.amazonaws.com/cadabam_assets/image-1730005840955-200640618.webp)
  ✓ /lab-tests/image-1730005867395-757505894.webp  (from https://cadabams-diagnostics-assets.s3.ap-south-1.amazonaws.com/cadabam_assets/image-1730005867395-757505894.webp)
  ✓ /lab-tests/image-1730005895185-390955399.webp  (from https://cadabams-diagnostics-assets.s3.ap-south-1.amazonaws.com/cadabam_assets/image-1730005895185-390955399.webp)
  ✓ /lab-tests/image-1731915701176-803289818.webp  (from https://cadabams-diagnostics-assets.s3.ap-south-1.amazonaws.com/cadabam_assets/image-1731915701176-803289818.png)
  ✓ /lab-tests/image-1731915707294-51811708.webp  (from https://cadabams-diagnostics-assets.s3.ap-south-1.amazonaws.com/cadabam_assets/image-1731915707294-51811708.png)
  ✓ /lab-tests/image-1731915712740-381111487.webp  (from https://cadabams-diagnostics-assets.s3.ap-south-1.amazonaws.com/cadabam_assets/image-1731915712740-381111487.png)
  ✓ /lab-tests/image-1731923339913-940130808.webp  (from https://cadabams-diagnostics-assets.s3.ap-south-1.amazonaws.com/cadabam_assets/image-1731923339913-940130808.png)
  Summary: 14 downloaded

→ labtests.json  →  public/lab-tests/
  Summary: no image URLs found

→ mostbookedcheckups.json  →  public/health-checkups/
  Summary: no image URLs found

→ navbars.json  →  public/shared/
  ✓ /shared/image-1727884059139-383535423.webp  (from https://cadabams-diagnostics-assets.s3.ap-south-1.amazonaws.com/cadabam_assets/image-1727884059139-383535423.png)
  Summary: 1 downloaded

→ nonlabtest-categories.json  →  public/scans/
  ✓ /scans/image-1730262253856-777914944.webp  (from https://cadabams-diagnostics-assets.s3.ap-south-1.amazonaws.com/cadabam_assets/image-1730262253856-777914944.png)
  ✓ /scans/image-1730262383136-945225978.webp  (from https://cadabams-diagnostics-assets.s3.ap-south-1.amazonaws.com/cadabam_assets/image-1730262383136-945225978.png)
  ✓ /scans/image-1730261906886-257915264.webp  (from https://cadabams-diagnostics-assets.s3.ap-south-1.amazonaws.com/cadabam_assets/image-1730261906886-257915264.png)
  ✓ /scans/image-1730261774049-832592582.webp  (from https://cadabams-diagnostics-assets.s3.ap-south-1.amazonaws.com/cadabam_assets/image-1730261774049-832592582.png)
  ✓ /scans/image-1730261866521-605550006.webp  (from https://cadabams-diagnostics-assets.s3.ap-south-1.amazonaws.com/cadabam_assets/image-1730261866521-605550006.png)
  ✓ /scans/image-1730262100461-13722521.webp  (from https://cadabams-diagnostics-assets.s3.ap-south-1.amazonaws.com/cadabam_assets/image-1730262100461-13722521.png)
  ✓ /scans/image-1730262294035-10402176.webp  (from https://cadabams-diagnostics-assets.s3.ap-south-1.amazonaws.com/cadabam_assets/image-1730262294035-10402176.png)
  Summary: 7 downloaded

→ nonlabtests.json  →  public/scans/
  ✓ /scans/image-1745482855611-886318515.webp  (from https://cadabams-diagnostics-assets.s3.ap-south-1.amazonaws.com/cadabam_assets/image-1745482855611-886318515.png)
  ✓ /scans/image-1751431915528-135029382.webp  (from https://cadabams-diagnostics-assets.s3.ap-south-1.amazonaws.com/cadabam_assets/image-1751431915528-135029382.jpg)
  ✓ /scans/image-1747393760959-832595691.webp  (from https://cadabams-diagnostics-assets.s3.ap-south-1.amazonaws.com/cadabam_assets/image-1747393760959-832595691.jpg)
  Summary: 3 downloaded

→ searchbars.json  →  public/shared/
  Summary: no image URLs found

→ vitalorgans.json  →  public/shared/
  Summary: no image URLs found
